#! /opt/homebrew/Cellar/icarus-verilog/11.0/bin/vvp
:ivl_version "11.0 (stable)";
:ivl_delay_selection "TYPICAL";
:vpi_time_precision + 0;
:vpi_module "/opt/homebrew/Cellar/icarus-verilog/11.0/lib/ivl/system.vpi";
:vpi_module "/opt/homebrew/Cellar/icarus-verilog/11.0/lib/ivl/vhdl_sys.vpi";
:vpi_module "/opt/homebrew/Cellar/icarus-verilog/11.0/lib/ivl/vhdl_textio.vpi";
:vpi_module "/opt/homebrew/Cellar/icarus-verilog/11.0/lib/ivl/v2005_math.vpi";
:vpi_module "/opt/homebrew/Cellar/icarus-verilog/11.0/lib/ivl/va_math.vpi";
S_0x158e07270 .scope module, "alu" "alu" 2 1;
 .timescale 0 0;
    .port_info 0 /INPUT 157 "OF_output";
    .port_info 1 /INPUT 1 "clk";
    .port_info 2 /OUTPUT 79 "Address_Value_RegAddress_isLoad_isMemWrite_isWrite";
    .port_info 3 /OUTPUT 9 "BranchPC_with_isBranch";
v0x158e15c80_0 .net "Address_Value_RegAddress_isLoad_isMemWrite_isWrite", 78 0, L_0x158e2b5c0;  1 drivers
v0x158e29970_0 .net "BranchPC_with_isBranch", 8 0, L_0x158e2b8b0;  1 drivers
o0x140030070 .functor BUFZ 157, C4<zzzzzzzzzzzzzzzzzzzzzzzzzzzzzzzzzzzzzzzzzzzzzzzzzzzzzzzzzzzzzzzzzzzzzzzzzzzzzzzzzzzzzzzzzzzzzzzzzzzzzzzzzzzzzzzzzzzzzzzzzzzzzzzzzzzzzzzzzzzzzzzzzzzzzzzzzzzzz>; HiZ drive
v0x158e29a10_0 .net "OF_output", 156 0, o0x140030070;  0 drivers
v0x158e29ac0_0 .net "PC", 7 0, L_0x158e2aee0;  1 drivers
v0x158e29b70_0 .var "XOR", 63 0;
v0x158e29c60_0 .net *"_ivl_15", 7 0, v0x158e2a240_0;  1 drivers
v0x158e29d10_0 .net *"_ivl_19", 63 0, v0x158e2add0_0;  1 drivers
v0x158e29dc0_0 .net *"_ivl_23", 2 0, L_0x158e2b4e0;  1 drivers
v0x158e29e70_0 .net *"_ivl_28", 3 0, v0x158e2ac70_0;  1 drivers
v0x158e29f80_0 .net *"_ivl_32", 7 0, v0x158e2a2f0_0;  1 drivers
v0x158e2a030_0 .net *"_ivl_37", 0 0, v0x158e2a860_0;  1 drivers
v0x158e2a0e0_0 .var "add", 63 0;
v0x158e2a190_0 .net "address_in", 7 0, L_0x158e2b220;  1 drivers
v0x158e2a240_0 .var "address_out", 7 0;
v0x158e2a2f0_0 .var "branch_pc", 7 0;
o0x1400302e0 .functor BUFZ 1, C4<z>; HiZ drive
v0x158e2a3a0_0 .net "clk", 0 0, o0x1400302e0;  0 drivers
v0x158e2a440_0 .var "cmp", 63 0;
v0x158e2a5d0_0 .var "control_signals_in", 7 0;
v0x158e2a660_0 .var "control_signals_out", 7 0;
v0x158e2a710_0 .net "flag", 0 0, L_0x158e2b0e0;  1 drivers
v0x158e2a7b0_0 .var "inc", 63 0;
v0x158e2a860_0 .var "is_branch_taken", 0 0;
v0x158e2a900_0 .var "mul", 63 0;
v0x158e2a9b0_0 .net "op1", 63 0, L_0x158e2af80;  1 drivers
v0x158e2aa60_0 .net "op2", 63 0, L_0x158e2b020;  1 drivers
v0x158e2ab10_0 .var "opcode", 2 0;
v0x158e2abc0_0 .net "reg_to_be_written_in", 3 0, L_0x158e2b2e0;  1 drivers
v0x158e2ac70_0 .var "reg_to_be_written_out", 3 0;
v0x158e2ad20_0 .var "temp", 8 0;
v0x158e2add0_0 .var "value_to_be_written", 63 0;
E_0x158e15e70 .event posedge, v0x158e2a3a0_0;
L_0x158e2aee0 .part o0x140030070, 8, 8;
L_0x158e2af80 .part o0x140030070, 16, 64;
L_0x158e2b020 .part o0x140030070, 80, 64;
L_0x158e2b0e0 .part o0x140030070, 144, 1;
L_0x158e2b220 .part o0x140030070, 145, 8;
L_0x158e2b2e0 .part o0x140030070, 153, 4;
L_0x158e2b4e0 .part v0x158e2a5d0_0, 4, 3;
L_0x158e2b5c0 .concat8 [ 8 64 3 4], v0x158e2a240_0, v0x158e2add0_0, L_0x158e2b4e0, v0x158e2ac70_0;
L_0x158e2b8b0 .concat8 [ 8 1 0 0], v0x158e2a2f0_0, v0x158e2a860_0;
    .scope S_0x158e07270;
T_0 ;
    %wait E_0x158e15e70;
    %load/vec4 v0x158e29a10_0;
    %parti/s 8, 0, 2;
    %store/vec4 v0x158e2a5d0_0, 0, 8;
    %vpi_call 2 63 "$display", "Cs from of to alu : %b", &PV<v0x158e2a5d0_0, 7, 1> {0 0 0};
    %load/vec4 v0x158e2a5d0_0;
    %parti/s 3, 0, 2;
    %store/vec4 v0x158e2ab10_0, 0, 3;
    %pushi/vec4 0, 0, 1;
    %store/vec4 v0x158e2a860_0, 0, 1;
    %load/vec4 v0x158e2a5d0_0;
    %parti/s 1, 3, 3;
    %load/vec4 v0x158e2a710_0;
    %and;
    %load/vec4 v0x158e2a5d0_0;
    %parti/s 1, 7, 4;
    %or;
    %flag_set/vec4 8;
    %jmp/0xz  T_0.0, 8;
    %pushi/vec4 1, 0, 1;
    %store/vec4 v0x158e2a860_0, 0, 1;
T_0.0 ;
    %load/vec4 v0x158e2a5d0_0;
    %store/vec4 v0x158e2a660_0, 0, 8;
    %load/vec4 v0x158e2a190_0;
    %store/vec4 v0x158e2a240_0, 0, 8;
    %load/vec4 v0x158e2abc0_0;
    %store/vec4 v0x158e2ac70_0, 0, 4;
    %load/vec4 v0x158e29ac0_0;
    %pad/u 9;
    %load/vec4 v0x158e2a190_0;
    %pad/u 9;
    %add;
    %store/vec4 v0x158e2ad20_0, 0, 9;
    %load/vec4 v0x158e2ad20_0;
    %parti/s 8, 0, 2;
    %store/vec4 v0x158e2a2f0_0, 0, 8;
    %load/vec4 v0x158e2a9b0_0;
    %addi 1, 0, 64;
    %store/vec4 v0x158e2a7b0_0, 0, 64;
    %load/vec4 v0x158e2a9b0_0;
    %load/vec4 v0x158e2aa60_0;
    %add;
    %store/vec4 v0x158e2a0e0_0, 0, 64;
    %load/vec4 v0x158e2a9b0_0;
    %load/vec4 v0x158e2aa60_0;
    %mul;
    %store/vec4 v0x158e2a900_0, 0, 64;
    %load/vec4 v0x158e2a9b0_0;
    %load/vec4 v0x158e2aa60_0;
    %xor;
    %store/vec4 v0x158e29b70_0, 0, 64;
    %load/vec4 v0x158e29b70_0;
    %cmpi/e 0, 0, 64;
    %jmp/0xz  T_0.2, 4;
    %pushi/vec4 1, 0, 64;
    %store/vec4 v0x158e2a440_0, 0, 64;
    %jmp T_0.3;
T_0.2 ;
    %pushi/vec4 0, 0, 64;
    %store/vec4 v0x158e2a440_0, 0, 64;
T_0.3 ;
    %load/vec4 v0x158e2ab10_0;
    %cmpi/e 1, 0, 3;
    %jmp/0xz  T_0.4, 4;
    %load/vec4 v0x158e2a0e0_0;
    %store/vec4 v0x158e2add0_0, 0, 64;
    %jmp T_0.5;
T_0.4 ;
    %load/vec4 v0x158e2ab10_0;
    %cmpi/e 2, 0, 3;
    %jmp/0xz  T_0.6, 4;
    %load/vec4 v0x158e2a900_0;
    %store/vec4 v0x158e2add0_0, 0, 64;
    %jmp T_0.7;
T_0.6 ;
    %load/vec4 v0x158e2ab10_0;
    %cmpi/e 4, 0, 3;
    %jmp/0xz  T_0.8, 4;
    %load/vec4 v0x158e29b70_0;
    %store/vec4 v0x158e2add0_0, 0, 64;
    %jmp T_0.9;
T_0.8 ;
    %load/vec4 v0x158e2ab10_0;
    %cmpi/e 3, 0, 3;
    %jmp/0xz  T_0.10, 4;
    %load/vec4 v0x158e2a7b0_0;
    %store/vec4 v0x158e2add0_0, 0, 64;
    %jmp T_0.11;
T_0.10 ;
    %load/vec4 v0x158e2ab10_0;
    %cmpi/e 6, 0, 3;
    %jmp/0xz  T_0.12, 4;
    %load/vec4 v0x158e2a440_0;
    %store/vec4 v0x158e2add0_0, 0, 64;
    %jmp T_0.13;
T_0.12 ;
    %load/vec4 v0x158e2a9b0_0;
    %store/vec4 v0x158e2add0_0, 0, 64;
T_0.13 ;
T_0.11 ;
T_0.9 ;
T_0.7 ;
T_0.5 ;
    %jmp T_0;
    .thread T_0;
# The file index is used to find the file name in the following table.
:file_names 3;
    "N/A";
    "<interactive>";
    "alu.v";
