#! /opt/homebrew/Cellar/icarus-verilog/11.0/bin/vvp
:ivl_version "11.0 (stable)";
:ivl_delay_selection "TYPICAL";
:vpi_time_precision + 0;
:vpi_module "/opt/homebrew/Cellar/icarus-verilog/11.0/lib/ivl/system.vpi";
:vpi_module "/opt/homebrew/Cellar/icarus-verilog/11.0/lib/ivl/vhdl_sys.vpi";
:vpi_module "/opt/homebrew/Cellar/icarus-verilog/11.0/lib/ivl/vhdl_textio.vpi";
:vpi_module "/opt/homebrew/Cellar/icarus-verilog/11.0/lib/ivl/v2005_math.vpi";
:vpi_module "/opt/homebrew/Cellar/icarus-verilog/11.0/lib/ivl/va_math.vpi";
S_0x1547041e0 .scope module, "control_unit" "control_unit" 2 1;
 .timescale 0 0;
    .port_info 0 /INPUT 4 "opcode";
    .port_info 1 /OUTPUT 10 "control_rod";
L_0x154714610 .functor BUFZ 10, v0x154714490_0, C4<0000000000>, C4<0000000000>, C4<0000000000>;
v0x1547043d0_0 .net "control_rod", 9 0, L_0x154714610;  1 drivers
v0x154714490_0 .var "cu_reg", 9 0;
o0x148008070 .functor BUFZ 4, C4<zzzz>; HiZ drive
v0x154714530_0 .net "opcode", 3 0, o0x148008070;  0 drivers
E_0x1547043a0 .event edge, v0x154714530_0;
    .scope S_0x1547041e0;
T_0 ;
    %pushi/vec4 0, 0, 10;
    %store/vec4 v0x154714490_0, 0, 10;
    %end;
    .thread T_0;
    .scope S_0x1547041e0;
T_1 ;
    %wait E_0x1547043a0;
    %pushi/vec4 0, 0, 10;
    %assign/vec4 v0x154714490_0, 0;
    %load/vec4 v0x154714530_0;
    %parti/s 1, 3, 3;
    %nor/r;
    %flag_set/vec4 8;
    %jmp/0xz  T_1.0, 8;
    %load/vec4 v0x154714530_0;
    %parti/s 3, 0, 2;
    %ix/load 4, 0, 0;
    %ix/load 5, 0, 0;
    %flag_set/imm 4, 0;
    %assign/vec4/off/d v0x154714490_0, 4, 5;
    %pushi/vec4 1, 0, 1;
    %ix/load 4, 6, 0;
    %ix/load 5, 0, 0;
    %flag_set/imm 4, 0;
    %assign/vec4/off/d v0x154714490_0, 4, 5;
    %pushi/vec4 1, 0, 1;
    %ix/load 4, 9, 0;
    %ix/load 5, 0, 0;
    %flag_set/imm 4, 0;
    %assign/vec4/off/d v0x154714490_0, 4, 5;
    %load/vec4 v0x154714530_0;
    %parti/s 1, 1, 2;
    %load/vec4 v0x154714530_0;
    %parti/s 1, 0, 2;
    %and;
    %nor/r;
    %flag_set/vec4 8;
    %jmp/0xz  T_1.2, 8;
    %pushi/vec4 1, 0, 1;
    %ix/load 4, 8, 0;
    %ix/load 5, 0, 0;
    %flag_set/imm 4, 0;
    %assign/vec4/off/d v0x154714490_0, 4, 5;
T_1.2 ;
    %jmp T_1.1;
T_1.0 ;
    %load/vec4 v0x154714530_0;
    %parti/s 1, 0, 2;
    %load/vec4 v0x154714530_0;
    %parti/s 1, 1, 2;
    %and;
    %flag_set/vec4 8;
    %jmp/0xz  T_1.4, 8;
    %load/vec4 v0x154714530_0;
    %parti/s 1, 2, 3;
    %flag_set/vec4 8;
    %jmp/0xz  T_1.6, 8;
    %pushi/vec4 1, 0, 1;
    %ix/load 4, 7, 0;
    %ix/load 5, 0, 0;
    %flag_set/imm 4, 0;
    %assign/vec4/off/d v0x154714490_0, 4, 5;
    %jmp T_1.7;
T_1.6 ;
    %pushi/vec4 1, 0, 1;
    %ix/load 4, 3, 0;
    %ix/load 5, 0, 0;
    %flag_set/imm 4, 0;
    %assign/vec4/off/d v0x154714490_0, 4, 5;
T_1.7 ;
    %jmp T_1.5;
T_1.4 ;
    %load/vec4 v0x154714530_0;
    %parti/s 3, 0, 2;
    %ix/load 4, 4, 0;
    %ix/load 5, 0, 0;
    %flag_set/imm 4, 0;
    %assign/vec4/off/d v0x154714490_0, 4, 5;
    %load/vec4 v0x154714530_0;
    %parti/s 1, 1, 2;
    %flag_set/vec4 8;
    %jmp/0xz  T_1.8, 8;
    %pushi/vec4 1, 0, 1;
    %ix/load 4, 9, 0;
    %ix/load 5, 0, 0;
    %flag_set/imm 4, 0;
    %assign/vec4/off/d v0x154714490_0, 4, 5;
T_1.8 ;
T_1.5 ;
T_1.1 ;
    %jmp T_1;
    .thread T_1, $push;
# The file index is used to find the file name in the following table.
:file_names 3;
    "N/A";
    "<interactive>";
    "control_unit.v";
