#! /opt/homebrew/Cellar/icarus-verilog/11.0/bin/vvp
:ivl_version "11.0 (stable)";
:ivl_delay_selection "TYPICAL";
:vpi_time_precision + 0;
:vpi_module "/opt/homebrew/Cellar/icarus-verilog/11.0/lib/ivl/system.vpi";
:vpi_module "/opt/homebrew/Cellar/icarus-verilog/11.0/lib/ivl/vhdl_sys.vpi";
:vpi_module "/opt/homebrew/Cellar/icarus-verilog/11.0/lib/ivl/vhdl_textio.vpi";
:vpi_module "/opt/homebrew/Cellar/icarus-verilog/11.0/lib/ivl/v2005_math.vpi";
:vpi_module "/opt/homebrew/Cellar/icarus-verilog/11.0/lib/ivl/va_math.vpi";
S_0x1376112a0 .scope module, "register_file" "register_file" 2 1;
 .timescale 0 0;
    .port_info 0 /INPUT 4 "reg1_read_address";
    .port_info 1 /INPUT 4 "reg2_read_address";
    .port_info 2 /INPUT 4 "write_port_address";
    .port_info 3 /INPUT 64 "write_data";
    .port_info 4 /INPUT 1 "is_write";
    .port_info 5 /INPUT 1 "clk";
    .port_info 6 /OUTPUT 64 "reg1_data";
    .port_info 7 /OUTPUT 64 "reg2_data";
    .port_info 8 /OUTPUT 1 "flag";
L_0x137625810 .functor BUFZ 64, v0x137624f00_0, C4<0000000000000000000000000000000000000000000000000000000000000000>, C4<0000000000000000000000000000000000000000000000000000000000000000>, C4<0000000000000000000000000000000000000000000000000000000000000000>;
L_0x137625880 .functor BUFZ 64, v0x137625150_0, C4<0000000000000000000000000000000000000000000000000000000000000000>, C4<0000000000000000000000000000000000000000000000000000000000000000>, C4<0000000000000000000000000000000000000000000000000000000000000000>;
o0x138040010 .functor BUFZ 1, C4<z>; HiZ drive
v0x137610f50_0 .net "clk", 0 0, o0x138040010;  0 drivers
v0x137624d00_0 .net "flag", 0 0, L_0x137625770;  1 drivers
o0x138040070 .functor BUFZ 1, C4<z>; HiZ drive
v0x137624da0_0 .net "is_write", 0 0, o0x138040070;  0 drivers
v0x137624e50_0 .net "reg1_data", 63 0, L_0x137625810;  1 drivers
v0x137624f00_0 .var "reg1_data_temp", 63 0;
o0x138040100 .functor BUFZ 4, C4<zzzz>; HiZ drive
v0x137624ff0_0 .net "reg1_read_address", 3 0, o0x138040100;  0 drivers
v0x1376250a0_0 .net "reg2_data", 63 0, L_0x137625880;  1 drivers
v0x137625150_0 .var "reg2_data_temp", 63 0;
o0x138040190 .functor BUFZ 4, C4<zzzz>; HiZ drive
v0x137625200_0 .net "reg2_read_address", 3 0, o0x138040190;  0 drivers
v0x137625310 .array "registers", 0 15, 63 0;
o0x1380404c0 .functor BUFZ 64, C4<zzzzzzzzzzzzzzzzzzzzzzzzzzzzzzzzzzzzzzzzzzzzzzzzzzzzzzzzzzzzzzzz>; HiZ drive
v0x137625530_0 .net "write_data", 63 0, o0x1380404c0;  0 drivers
o0x1380404f0 .functor BUFZ 4, C4<zzzz>; HiZ drive
v0x1376255e0_0 .net "write_port_address", 3 0, o0x1380404f0;  0 drivers
E_0x137610920 .event posedge, v0x137610f50_0;
v0x137625310_15 .array/port v0x137625310, 15;
L_0x137625770 .part v0x137625310_15, 0, 1;
    .scope S_0x1376112a0;
T_0 ;
    %pushi/vec4 0, 0, 64;
    %ix/load 4, 0, 0;
    %flag_set/imm 4, 0;
    %store/vec4a v0x137625310, 4, 0;
    %end;
    .thread T_0;
    .scope S_0x1376112a0;
T_1 ;
    %pushi/vec4 1, 0, 64;
    %ix/load 4, 1, 0;
    %flag_set/imm 4, 0;
    %store/vec4a v0x137625310, 4, 0;
    %end;
    .thread T_1;
    .scope S_0x1376112a0;
T_2 ;
    %pushi/vec4 2, 0, 64;
    %ix/load 4, 2, 0;
    %flag_set/imm 4, 0;
    %store/vec4a v0x137625310, 4, 0;
    %end;
    .thread T_2;
    .scope S_0x1376112a0;
T_3 ;
    %pushi/vec4 3, 0, 64;
    %ix/load 4, 3, 0;
    %flag_set/imm 4, 0;
    %store/vec4a v0x137625310, 4, 0;
    %end;
    .thread T_3;
    .scope S_0x1376112a0;
T_4 ;
    %pushi/vec4 4, 0, 64;
    %ix/load 4, 4, 0;
    %flag_set/imm 4, 0;
    %store/vec4a v0x137625310, 4, 0;
    %end;
    .thread T_4;
    .scope S_0x1376112a0;
T_5 ;
    %pushi/vec4 5, 0, 64;
    %ix/load 4, 5, 0;
    %flag_set/imm 4, 0;
    %store/vec4a v0x137625310, 4, 0;
    %end;
    .thread T_5;
    .scope S_0x1376112a0;
T_6 ;
    %pushi/vec4 6, 0, 64;
    %ix/load 4, 6, 0;
    %flag_set/imm 4, 0;
    %store/vec4a v0x137625310, 4, 0;
    %end;
    .thread T_6;
    .scope S_0x1376112a0;
T_7 ;
    %pushi/vec4 7, 0, 64;
    %ix/load 4, 7, 0;
    %flag_set/imm 4, 0;
    %store/vec4a v0x137625310, 4, 0;
    %end;
    .thread T_7;
    .scope S_0x1376112a0;
T_8 ;
    %pushi/vec4 8, 0, 64;
    %ix/load 4, 8, 0;
    %flag_set/imm 4, 0;
    %store/vec4a v0x137625310, 4, 0;
    %end;
    .thread T_8;
    .scope S_0x1376112a0;
T_9 ;
    %pushi/vec4 0, 0, 64;
    %ix/load 4, 9, 0;
    %flag_set/imm 4, 0;
    %store/vec4a v0x137625310, 4, 0;
    %end;
    .thread T_9;
    .scope S_0x1376112a0;
T_10 ;
    %pushi/vec4 0, 0, 64;
    %ix/load 4, 10, 0;
    %flag_set/imm 4, 0;
    %store/vec4a v0x137625310, 4, 0;
    %end;
    .thread T_10;
    .scope S_0x1376112a0;
T_11 ;
    %pushi/vec4 0, 0, 64;
    %ix/load 4, 11, 0;
    %flag_set/imm 4, 0;
    %store/vec4a v0x137625310, 4, 0;
    %end;
    .thread T_11;
    .scope S_0x1376112a0;
T_12 ;
    %pushi/vec4 0, 0, 64;
    %ix/load 4, 12, 0;
    %flag_set/imm 4, 0;
    %store/vec4a v0x137625310, 4, 0;
    %end;
    .thread T_12;
    .scope S_0x1376112a0;
T_13 ;
    %pushi/vec4 0, 0, 64;
    %ix/load 4, 13, 0;
    %flag_set/imm 4, 0;
    %store/vec4a v0x137625310, 4, 0;
    %end;
    .thread T_13;
    .scope S_0x1376112a0;
T_14 ;
    %pushi/vec4 0, 0, 64;
    %ix/load 4, 14, 0;
    %flag_set/imm 4, 0;
    %store/vec4a v0x137625310, 4, 0;
    %end;
    .thread T_14;
    .scope S_0x1376112a0;
T_15 ;
    %pushi/vec4 0, 0, 64;
    %ix/load 4, 15, 0;
    %flag_set/imm 4, 0;
    %store/vec4a v0x137625310, 4, 0;
    %end;
    .thread T_15;
    .scope S_0x1376112a0;
T_16 ;
    %wait E_0x137610920;
    %load/vec4 v0x137624ff0_0;
    %pad/u 6;
    %ix/vec4 4;
    %load/vec4a v0x137625310, 4;
    %store/vec4 v0x137624f00_0, 0, 64;
    %load/vec4 v0x137625200_0;
    %pad/u 6;
    %ix/vec4 4;
    %load/vec4a v0x137625310, 4;
    %store/vec4 v0x137625150_0, 0, 64;
    %load/vec4 v0x137624da0_0;
    %flag_set/vec4 8;
    %jmp/0xz  T_16.0, 8;
    %load/vec4 v0x137625530_0;
    %load/vec4 v0x1376255e0_0;
    %pad/u 6;
    %ix/vec4 4;
    %store/vec4a v0x137625310, 4, 0;
T_16.0 ;
    %vpi_call 2 44 "$display", "R3: %b", &A<v0x137625310, 3> {0 0 0};
    %jmp T_16;
    .thread T_16;
# The file index is used to find the file name in the following table.
:file_names 3;
    "N/A";
    "<interactive>";
    "register_file.v";
